State 17 conflicts: 1 shift/reduce
State 30 conflicts: 1 shift/reduce
State 54 conflicts: 4 shift/reduce
State 61 conflicts: 1 shift/reduce
State 150 conflicts: 20 reduce/reduce


Grammar

    0 $accept: Program $end

    1 Program: ExtDefList

    2 ExtDefList: %empty
    3           | ExtDef ExtDefList

    4 ExtDef: Specifier ExtDecList SEMI
    5       | Specifier SEMI
    6       | Specifier FunDec CompSt
    7       | Specifier ExtDecList error
    8       | Specifier error

    9 ExtDecList: VarDec
   10           | VarDec COMMA ExtDecList
   11           | VarDec ExtDecList error

   12 Specifier: TYPE
   13          | StructSpecifier

   14 StructSpecifier: STRUCT ID LC DefList RC
   15                | STRUCT ID
   16                | STRUCT ID LC DefList error

   17 VarDec: ID
   18       | VarDec LB INT RB
   19       | VarDec LB INT error

   20 FunDec: ID LP VarList RP
   21       | ID LP RP
   22       | ID LP VarList error
   23       | ID LP error

   24 VarList: ParamDec COMMA VarList
   25        | ParamDec VarList error
   26        | ParamDec

   27 ParamDec: Specifier VarDec

   28 CompSt: LC DefList StmtList RC

   29 StmtList: %empty
   30         | Stmt StmtList

   31 Stmt: Exp SEMI
   32     | CompSt
   33     | RETURN Exp SEMI
   34     | IF LP Exp RP Stmt
   35     | IF LP Exp RP Stmt ELSE Stmt
   36     | WHILE LP Exp RP Stmt
   37     | WHILE LP Exp error Stmt
   38     | RETURN Exp error
   39     | IF LP Exp error Stmt
   40     | IF error Exp RP Stmt

   41 DefList: %empty
   42        | Def DefList

   43 Def: Specifier DecList SEMI
   44    | Specifier DecList error
   45    | error DecList SEMI

   46 DecList: Dec
   47        | Dec COMMA DecList
   48        | Dec DecList error

   49 Dec: VarDec
   50    | VarDec ASSIGN Exp

   51 Exp: Exp ASSIGN Exp
   52    | Exp AND Exp
   53    | Exp OR Exp
   54    | Exp LT Exp
   55    | Exp LE Exp
   56    | Exp GT Exp
   57    | Exp GE Exp
   58    | Exp NE Exp
   59    | Exp EQ Exp
   60    | Exp PLUS Exp
   61    | Exp MINUS Exp
   62    | Exp MUL Exp
   63    | Exp DIV Exp
   64    | LP Exp RP
   65    | LP Exp error
   66    | MINUS Exp
   67    | NOT Exp
   68    | ID LP Args RP
   69    | ID LP Args error
   70    | ID LP RP
   71    | ID LP error
   72    | Exp LB Exp RB
   73    | Exp LB Exp error
   74    | Exp DOT ID
   75    | ID
   76    | INT
   77    | FLOAT
   78    | CHAR
   79    | ILLEGAL_TOKEN Exp
   80    | ILLEGAL_TOKEN

   81 Args: Exp COMMA Args
   82     | Exp
   83     | Exp Args error


Terminals, with rules where they appear

$end (0) 0
error (256) 7 8 11 16 19 22 23 25 37 38 39 40 44 45 48 65 69 71 73
    83
ILLEGAL_TOKEN (258) 79 80
LOWER_ELSE (259)
ELSE (260) 35
TYPE (261) 12
STRUCT (262) 14 15 16
IF (263) 34 35 39 40
WHILE (264) 36 37
RETURN (265) 33 38
INT (266) 18 19 76
FLOAT (267) 77
CHAR (268) 78
ID (269) 14 15 16 17 20 21 22 23 68 69 70 71 74 75
ASSIGN (270) 50 51
OR (271) 53
AND (272) 52
LT (273) 54
LE (274) 55
GT (275) 56
GE (276) 57
NE (277) 58
EQ (278) 59
PLUS (279) 60
MINUS (280) 61 66
MUL (281) 62
DIV (282) 63
NOT (283) 67
LP (284) 20 21 22 23 34 35 36 37 39 64 65 68 69 70 71
RP (285) 20 21 34 35 36 40 64 68 70
LB (286) 18 19 72 73
RB (287) 18 72
DOT (288) 74
SEMI (289) 4 5 31 33 43 45
COMMA (290) 10 24 47 81
LC (291) 14 16 28
RC (292) 14 28


Nonterminals, with rules where they appear

$accept (38)
    on left: 0
Program (39)
    on left: 1, on right: 0
ExtDefList (40)
    on left: 2 3, on right: 1 3
ExtDef (41)
    on left: 4 5 6 7 8, on right: 3
ExtDecList (42)
    on left: 9 10 11, on right: 4 7 10 11
Specifier (43)
    on left: 12 13, on right: 4 5 6 7 8 27 43 44
StructSpecifier (44)
    on left: 14 15 16, on right: 13
VarDec (45)
    on left: 17 18 19, on right: 9 10 11 18 19 27 49 50
FunDec (46)
    on left: 20 21 22 23, on right: 6
VarList (47)
    on left: 24 25 26, on right: 20 22 24 25
ParamDec (48)
    on left: 27, on right: 24 25 26
CompSt (49)
    on left: 28, on right: 6 32
StmtList (50)
    on left: 29 30, on right: 28 30
Stmt (51)
    on left: 31 32 33 34 35 36 37 38 39 40, on right: 30 34 35 36 37
    39 40
DefList (52)
    on left: 41 42, on right: 14 16 28 42
Def (53)
    on left: 43 44 45, on right: 42
DecList (54)
    on left: 46 47 48, on right: 43 44 45 47 48
Dec (55)
    on left: 49 50, on right: 46 47 48
Exp (56)
    on left: 51 52 53 54 55 56 57 58 59 60 61 62 63 64 65 66 67 68
    69 70 71 72 73 74 75 76 77 78 79 80, on right: 31 33 34 35 36 37
    38 39 40 50 51 52 53 54 55 56 57 58 59 60 61 62 63 64 65 66 67
    72 73 74 79 81 82 83
Args (57)
    on left: 81 82 83, on right: 68 69 81 83


State 0

    0 $accept: . Program $end

    TYPE    shift, and go to state 1
    STRUCT  shift, and go to state 2

    $default  reduce using rule 2 (ExtDefList)

    Program          go to state 3
    ExtDefList       go to state 4
    ExtDef           go to state 5
    Specifier        go to state 6
    StructSpecifier  go to state 7


State 1

   12 Specifier: TYPE .

    $default  reduce using rule 12 (Specifier)


State 2

   14 StructSpecifier: STRUCT . ID LC DefList RC
   15                | STRUCT . ID
   16                | STRUCT . ID LC DefList error

    ID  shift, and go to state 8


State 3

    0 $accept: Program . $end

    $end  shift, and go to state 9


State 4

    1 Program: ExtDefList .

    $default  reduce using rule 1 (Program)


State 5

    3 ExtDefList: ExtDef . ExtDefList

    TYPE    shift, and go to state 1
    STRUCT  shift, and go to state 2

    $default  reduce using rule 2 (ExtDefList)

    ExtDefList       go to state 10
    ExtDef           go to state 5
    Specifier        go to state 6
    StructSpecifier  go to state 7


State 6

    4 ExtDef: Specifier . ExtDecList SEMI
    5       | Specifier . SEMI
    6       | Specifier . FunDec CompSt
    7       | Specifier . ExtDecList error
    8       | Specifier . error

    error  shift, and go to state 11
    ID     shift, and go to state 12
    SEMI   shift, and go to state 13

    ExtDecList  go to state 14
    VarDec      go to state 15
    FunDec      go to state 16


State 7

   13 Specifier: StructSpecifier .

    $default  reduce using rule 13 (Specifier)


State 8

   14 StructSpecifier: STRUCT ID . LC DefList RC
   15                | STRUCT ID .
   16                | STRUCT ID . LC DefList error

    LC  shift, and go to state 17

    $default  reduce using rule 15 (StructSpecifier)


State 9

    0 $accept: Program $end .

    $default  accept


State 10

    3 ExtDefList: ExtDef ExtDefList .

    $default  reduce using rule 3 (ExtDefList)


State 11

    8 ExtDef: Specifier error .

    $default  reduce using rule 8 (ExtDef)


State 12

   17 VarDec: ID .
   20 FunDec: ID . LP VarList RP
   21       | ID . LP RP
   22       | ID . LP VarList error
   23       | ID . LP error

    LP  shift, and go to state 18

    $default  reduce using rule 17 (VarDec)


State 13

    5 ExtDef: Specifier SEMI .

    $default  reduce using rule 5 (ExtDef)


State 14

    4 ExtDef: Specifier ExtDecList . SEMI
    7       | Specifier ExtDecList . error

    error  shift, and go to state 19
    SEMI   shift, and go to state 20


State 15

    9 ExtDecList: VarDec .
   10           | VarDec . COMMA ExtDecList
   11           | VarDec . ExtDecList error
   18 VarDec: VarDec . LB INT RB
   19       | VarDec . LB INT error

    ID     shift, and go to state 21
    LB     shift, and go to state 22
    COMMA  shift, and go to state 23

    $default  reduce using rule 9 (ExtDecList)

    ExtDecList  go to state 24
    VarDec      go to state 15


State 16

    6 ExtDef: Specifier FunDec . CompSt

    LC  shift, and go to state 25

    CompSt  go to state 26


State 17

   14 StructSpecifier: STRUCT ID LC . DefList RC
   16                | STRUCT ID LC . DefList error

    error   shift, and go to state 27
    TYPE    shift, and go to state 1
    STRUCT  shift, and go to state 2

    error  [reduce using rule 41 (DefList)]
    RC     reduce using rule 41 (DefList)

    Specifier        go to state 28
    StructSpecifier  go to state 7
    DefList          go to state 29
    Def              go to state 30


State 18

   20 FunDec: ID LP . VarList RP
   21       | ID LP . RP
   22       | ID LP . VarList error
   23       | ID LP . error

    error   shift, and go to state 31
    TYPE    shift, and go to state 1
    STRUCT  shift, and go to state 2
    RP      shift, and go to state 32

    Specifier        go to state 33
    StructSpecifier  go to state 7
    VarList          go to state 34
    ParamDec         go to state 35


State 19

    7 ExtDef: Specifier ExtDecList error .

    $default  reduce using rule 7 (ExtDef)


State 20

    4 ExtDef: Specifier ExtDecList SEMI .

    $default  reduce using rule 4 (ExtDef)


State 21

   17 VarDec: ID .

    $default  reduce using rule 17 (VarDec)


State 22

   18 VarDec: VarDec LB . INT RB
   19       | VarDec LB . INT error

    INT  shift, and go to state 36


State 23

   10 ExtDecList: VarDec COMMA . ExtDecList

    ID  shift, and go to state 21

    ExtDecList  go to state 37
    VarDec      go to state 15


State 24

   11 ExtDecList: VarDec ExtDecList . error

    error  shift, and go to state 38


State 25

   28 CompSt: LC . DefList StmtList RC

    error   shift, and go to state 27
    TYPE    shift, and go to state 1
    STRUCT  shift, and go to state 2

    ILLEGAL_TOKEN  reduce using rule 41 (DefList)
    IF             reduce using rule 41 (DefList)
    WHILE          reduce using rule 41 (DefList)
    RETURN         reduce using rule 41 (DefList)
    INT            reduce using rule 41 (DefList)
    FLOAT          reduce using rule 41 (DefList)
    CHAR           reduce using rule 41 (DefList)
    ID             reduce using rule 41 (DefList)
    MINUS          reduce using rule 41 (DefList)
    NOT            reduce using rule 41 (DefList)
    LP             reduce using rule 41 (DefList)
    LC             reduce using rule 41 (DefList)
    RC             reduce using rule 41 (DefList)

    Specifier        go to state 28
    StructSpecifier  go to state 7
    DefList          go to state 39
    Def              go to state 30


State 26

    6 ExtDef: Specifier FunDec CompSt .

    $default  reduce using rule 6 (ExtDef)


State 27

   45 Def: error . DecList SEMI

    ID  shift, and go to state 21

    VarDec   go to state 40
    DecList  go to state 41
    Dec      go to state 42


State 28

   43 Def: Specifier . DecList SEMI
   44    | Specifier . DecList error

    ID  shift, and go to state 21

    VarDec   go to state 40
    DecList  go to state 43
    Dec      go to state 42


State 29

   14 StructSpecifier: STRUCT ID LC DefList . RC
   16                | STRUCT ID LC DefList . error

    error  shift, and go to state 44
    RC     shift, and go to state 45


State 30

   42 DefList: Def . DefList

    error   shift, and go to state 27
    TYPE    shift, and go to state 1
    STRUCT  shift, and go to state 2

    error          [reduce using rule 41 (DefList)]
    ILLEGAL_TOKEN  reduce using rule 41 (DefList)
    IF             reduce using rule 41 (DefList)
    WHILE          reduce using rule 41 (DefList)
    RETURN         reduce using rule 41 (DefList)
    INT            reduce using rule 41 (DefList)
    FLOAT          reduce using rule 41 (DefList)
    CHAR           reduce using rule 41 (DefList)
    ID             reduce using rule 41 (DefList)
    MINUS          reduce using rule 41 (DefList)
    NOT            reduce using rule 41 (DefList)
    LP             reduce using rule 41 (DefList)
    LC             reduce using rule 41 (DefList)
    RC             reduce using rule 41 (DefList)

    Specifier        go to state 28
    StructSpecifier  go to state 7
    DefList          go to state 46
    Def              go to state 30


State 31

   23 FunDec: ID LP error .

    $default  reduce using rule 23 (FunDec)


State 32

   21 FunDec: ID LP RP .

    $default  reduce using rule 21 (FunDec)


State 33

   27 ParamDec: Specifier . VarDec

    ID  shift, and go to state 21

    VarDec  go to state 47


State 34

   20 FunDec: ID LP VarList . RP
   22       | ID LP VarList . error

    error  shift, and go to state 48
    RP     shift, and go to state 49


State 35

   24 VarList: ParamDec . COMMA VarList
   25        | ParamDec . VarList error
   26        | ParamDec .

    TYPE    shift, and go to state 1
    STRUCT  shift, and go to state 2
    COMMA   shift, and go to state 50

    $default  reduce using rule 26 (VarList)

    Specifier        go to state 33
    StructSpecifier  go to state 7
    VarList          go to state 51
    ParamDec         go to state 35


State 36

   18 VarDec: VarDec LB INT . RB
   19       | VarDec LB INT . error

    error  shift, and go to state 52
    RB     shift, and go to state 53


State 37

   10 ExtDecList: VarDec COMMA ExtDecList .

    $default  reduce using rule 10 (ExtDecList)


State 38

   11 ExtDecList: VarDec ExtDecList error .

    $default  reduce using rule 11 (ExtDecList)


State 39

   28 CompSt: LC DefList . StmtList RC

    ILLEGAL_TOKEN  shift, and go to state 54
    IF             shift, and go to state 55
    WHILE          shift, and go to state 56
    RETURN         shift, and go to state 57
    INT            shift, and go to state 58
    FLOAT          shift, and go to state 59
    CHAR           shift, and go to state 60
    ID             shift, and go to state 61
    MINUS          shift, and go to state 62
    NOT            shift, and go to state 63
    LP             shift, and go to state 64
    LC             shift, and go to state 25

    $default  reduce using rule 29 (StmtList)

    CompSt    go to state 65
    StmtList  go to state 66
    Stmt      go to state 67
    Exp       go to state 68


State 40

   18 VarDec: VarDec . LB INT RB
   19       | VarDec . LB INT error
   49 Dec: VarDec .
   50    | VarDec . ASSIGN Exp

    ASSIGN  shift, and go to state 69
    LB      shift, and go to state 22

    $default  reduce using rule 49 (Dec)


State 41

   45 Def: error DecList . SEMI

    SEMI  shift, and go to state 70


State 42

   46 DecList: Dec .
   47        | Dec . COMMA DecList
   48        | Dec . DecList error

    ID     shift, and go to state 21
    COMMA  shift, and go to state 71

    $default  reduce using rule 46 (DecList)

    VarDec   go to state 40
    DecList  go to state 72
    Dec      go to state 42


State 43

   43 Def: Specifier DecList . SEMI
   44    | Specifier DecList . error

    error  shift, and go to state 73
    SEMI   shift, and go to state 74


State 44

   16 StructSpecifier: STRUCT ID LC DefList error .

    $default  reduce using rule 16 (StructSpecifier)


State 45

   14 StructSpecifier: STRUCT ID LC DefList RC .

    $default  reduce using rule 14 (StructSpecifier)


State 46

   42 DefList: Def DefList .

    $default  reduce using rule 42 (DefList)


State 47

   18 VarDec: VarDec . LB INT RB
   19       | VarDec . LB INT error
   27 ParamDec: Specifier VarDec .

    LB  shift, and go to state 22

    $default  reduce using rule 27 (ParamDec)


State 48

   22 FunDec: ID LP VarList error .

    $default  reduce using rule 22 (FunDec)


State 49

   20 FunDec: ID LP VarList RP .

    $default  reduce using rule 20 (FunDec)


State 50

   24 VarList: ParamDec COMMA . VarList

    TYPE    shift, and go to state 1
    STRUCT  shift, and go to state 2

    Specifier        go to state 33
    StructSpecifier  go to state 7
    VarList          go to state 75
    ParamDec         go to state 35


State 51

   25 VarList: ParamDec VarList . error

    error  shift, and go to state 76


State 52

   19 VarDec: VarDec LB INT error .

    $default  reduce using rule 19 (VarDec)


State 53

   18 VarDec: VarDec LB INT RB .

    $default  reduce using rule 18 (VarDec)


State 54

   79 Exp: ILLEGAL_TOKEN . Exp
   80    | ILLEGAL_TOKEN .

    INT    shift, and go to state 58
    FLOAT  shift, and go to state 59
    CHAR   shift, and go to state 60
    ID     shift, and go to state 61
    MINUS  shift, and go to state 62
    NOT    shift, and go to state 63
    LP     shift, and go to state 64

    ILLEGAL_TOKEN  error (nonassociative)

    INT       [reduce using rule 80 (Exp)]
    FLOAT     [reduce using rule 80 (Exp)]
    CHAR      [reduce using rule 80 (Exp)]
    ID        [reduce using rule 80 (Exp)]
    $default  reduce using rule 80 (Exp)

    Exp  go to state 77


State 55

   34 Stmt: IF . LP Exp RP Stmt
   35     | IF . LP Exp RP Stmt ELSE Stmt
   39     | IF . LP Exp error Stmt
   40     | IF . error Exp RP Stmt

    error  shift, and go to state 78
    LP     shift, and go to state 79


State 56

   36 Stmt: WHILE . LP Exp RP Stmt
   37     | WHILE . LP Exp error Stmt

    LP  shift, and go to state 80


State 57

   33 Stmt: RETURN . Exp SEMI
   38     | RETURN . Exp error

    ILLEGAL_TOKEN  shift, and go to state 54
    INT            shift, and go to state 58
    FLOAT          shift, and go to state 59
    CHAR           shift, and go to state 60
    ID             shift, and go to state 61
    MINUS          shift, and go to state 62
    NOT            shift, and go to state 63
    LP             shift, and go to state 64

    Exp  go to state 81


State 58

   76 Exp: INT .

    $default  reduce using rule 76 (Exp)


State 59

   77 Exp: FLOAT .

    $default  reduce using rule 77 (Exp)


State 60

   78 Exp: CHAR .

    $default  reduce using rule 78 (Exp)


State 61

   68 Exp: ID . LP Args RP
   69    | ID . LP Args error
   70    | ID . LP RP
   71    | ID . LP error
   75    | ID .

    LP  shift, and go to state 82

    LP        [reduce using rule 75 (Exp)]
    $default  reduce using rule 75 (Exp)


State 62

   66 Exp: MINUS . Exp

    ILLEGAL_TOKEN  shift, and go to state 54
    INT            shift, and go to state 58
    FLOAT          shift, and go to state 59
    CHAR           shift, and go to state 60
    ID             shift, and go to state 61
    MINUS          shift, and go to state 62
    NOT            shift, and go to state 63
    LP             shift, and go to state 64

    Exp  go to state 83


State 63

   67 Exp: NOT . Exp

    ILLEGAL_TOKEN  shift, and go to state 54
    INT            shift, and go to state 58
    FLOAT          shift, and go to state 59
    CHAR           shift, and go to state 60
    ID             shift, and go to state 61
    MINUS          shift, and go to state 62
    NOT            shift, and go to state 63
    LP             shift, and go to state 64

    Exp  go to state 84


State 64

   64 Exp: LP . Exp RP
   65    | LP . Exp error

    ILLEGAL_TOKEN  shift, and go to state 54
    INT            shift, and go to state 58
    FLOAT          shift, and go to state 59
    CHAR           shift, and go to state 60
    ID             shift, and go to state 61
    MINUS          shift, and go to state 62
    NOT            shift, and go to state 63
    LP             shift, and go to state 64

    Exp  go to state 85


State 65

   32 Stmt: CompSt .

    $default  reduce using rule 32 (Stmt)


State 66

   28 CompSt: LC DefList StmtList . RC

    RC  shift, and go to state 86


State 67

   30 StmtList: Stmt . StmtList

    ILLEGAL_TOKEN  shift, and go to state 54
    IF             shift, and go to state 55
    WHILE          shift, and go to state 56
    RETURN         shift, and go to state 57
    INT            shift, and go to state 58
    FLOAT          shift, and go to state 59
    CHAR           shift, and go to state 60
    ID             shift, and go to state 61
    MINUS          shift, and go to state 62
    NOT            shift, and go to state 63
    LP             shift, and go to state 64
    LC             shift, and go to state 25

    $default  reduce using rule 29 (StmtList)

    CompSt    go to state 65
    StmtList  go to state 87
    Stmt      go to state 67
    Exp       go to state 68


State 68

   31 Stmt: Exp . SEMI
   51 Exp: Exp . ASSIGN Exp
   52    | Exp . AND Exp
   53    | Exp . OR Exp
   54    | Exp . LT Exp
   55    | Exp . LE Exp
   56    | Exp . GT Exp
   57    | Exp . GE Exp
   58    | Exp . NE Exp
   59    | Exp . EQ Exp
   60    | Exp . PLUS Exp
   61    | Exp . MINUS Exp
   62    | Exp . MUL Exp
   63    | Exp . DIV Exp
   72    | Exp . LB Exp RB
   73    | Exp . LB Exp error
   74    | Exp . DOT ID

    ASSIGN  shift, and go to state 88
    OR      shift, and go to state 89
    AND     shift, and go to state 90
    LT      shift, and go to state 91
    LE      shift, and go to state 92
    GT      shift, and go to state 93
    GE      shift, and go to state 94
    NE      shift, and go to state 95
    EQ      shift, and go to state 96
    PLUS    shift, and go to state 97
    MINUS   shift, and go to state 98
    MUL     shift, and go to state 99
    DIV     shift, and go to state 100
    LB      shift, and go to state 101
    DOT     shift, and go to state 102
    SEMI    shift, and go to state 103


State 69

   50 Dec: VarDec ASSIGN . Exp

    ILLEGAL_TOKEN  shift, and go to state 54
    INT            shift, and go to state 58
    FLOAT          shift, and go to state 59
    CHAR           shift, and go to state 60
    ID             shift, and go to state 61
    MINUS          shift, and go to state 62
    NOT            shift, and go to state 63
    LP             shift, and go to state 64

    Exp  go to state 104


State 70

   45 Def: error DecList SEMI .

    $default  reduce using rule 45 (Def)


State 71

   47 DecList: Dec COMMA . DecList

    ID  shift, and go to state 21

    VarDec   go to state 40
    DecList  go to state 105
    Dec      go to state 42


State 72

   48 DecList: Dec DecList . error

    error  shift, and go to state 106


State 73

   44 Def: Specifier DecList error .

    $default  reduce using rule 44 (Def)


State 74

   43 Def: Specifier DecList SEMI .

    $default  reduce using rule 43 (Def)


State 75

   24 VarList: ParamDec COMMA VarList .

    $default  reduce using rule 24 (VarList)


State 76

   25 VarList: ParamDec VarList error .

    $default  reduce using rule 25 (VarList)


State 77

   51 Exp: Exp . ASSIGN Exp
   52    | Exp . AND Exp
   53    | Exp . OR Exp
   54    | Exp . LT Exp
   55    | Exp . LE Exp
   56    | Exp . GT Exp
   57    | Exp . GE Exp
   58    | Exp . NE Exp
   59    | Exp . EQ Exp
   60    | Exp . PLUS Exp
   61    | Exp . MINUS Exp
   62    | Exp . MUL Exp
   63    | Exp . DIV Exp
   72    | Exp . LB Exp RB
   73    | Exp . LB Exp error
   74    | Exp . DOT ID
   79    | ILLEGAL_TOKEN Exp .

    ASSIGN  shift, and go to state 88
    OR      shift, and go to state 89
    AND     shift, and go to state 90
    LT      shift, and go to state 91
    LE      shift, and go to state 92
    GT      shift, and go to state 93
    GE      shift, and go to state 94
    NE      shift, and go to state 95
    EQ      shift, and go to state 96
    PLUS    shift, and go to state 97
    MINUS   shift, and go to state 98
    MUL     shift, and go to state 99
    DIV     shift, and go to state 100
    LB      shift, and go to state 101
    DOT     shift, and go to state 102

    $default  reduce using rule 79 (Exp)


State 78

   40 Stmt: IF error . Exp RP Stmt

    ILLEGAL_TOKEN  shift, and go to state 54
    INT            shift, and go to state 58
    FLOAT          shift, and go to state 59
    CHAR           shift, and go to state 60
    ID             shift, and go to state 61
    MINUS          shift, and go to state 62
    NOT            shift, and go to state 63
    LP             shift, and go to state 64

    Exp  go to state 107


State 79

   34 Stmt: IF LP . Exp RP Stmt
   35     | IF LP . Exp RP Stmt ELSE Stmt
   39     | IF LP . Exp error Stmt

    ILLEGAL_TOKEN  shift, and go to state 54
    INT            shift, and go to state 58
    FLOAT          shift, and go to state 59
    CHAR           shift, and go to state 60
    ID             shift, and go to state 61
    MINUS          shift, and go to state 62
    NOT            shift, and go to state 63
    LP             shift, and go to state 64

    Exp  go to state 108


State 80

   36 Stmt: WHILE LP . Exp RP Stmt
   37     | WHILE LP . Exp error Stmt

    ILLEGAL_TOKEN  shift, and go to state 54
    INT            shift, and go to state 58
    FLOAT          shift, and go to state 59
    CHAR           shift, and go to state 60
    ID             shift, and go to state 61
    MINUS          shift, and go to state 62
    NOT            shift, and go to state 63
    LP             shift, and go to state 64

    Exp  go to state 109


State 81

   33 Stmt: RETURN Exp . SEMI
   38     | RETURN Exp . error
   51 Exp: Exp . ASSIGN Exp
   52    | Exp . AND Exp
   53    | Exp . OR Exp
   54    | Exp . LT Exp
   55    | Exp . LE Exp
   56    | Exp . GT Exp
   57    | Exp . GE Exp
   58    | Exp . NE Exp
   59    | Exp . EQ Exp
   60    | Exp . PLUS Exp
   61    | Exp . MINUS Exp
   62    | Exp . MUL Exp
   63    | Exp . DIV Exp
   72    | Exp . LB Exp RB
   73    | Exp . LB Exp error
   74    | Exp . DOT ID

    error   shift, and go to state 110
    ASSIGN  shift, and go to state 88
    OR      shift, and go to state 89
    AND     shift, and go to state 90
    LT      shift, and go to state 91
    LE      shift, and go to state 92
    GT      shift, and go to state 93
    GE      shift, and go to state 94
    NE      shift, and go to state 95
    EQ      shift, and go to state 96
    PLUS    shift, and go to state 97
    MINUS   shift, and go to state 98
    MUL     shift, and go to state 99
    DIV     shift, and go to state 100
    LB      shift, and go to state 101
    DOT     shift, and go to state 102
    SEMI    shift, and go to state 111


State 82

   68 Exp: ID LP . Args RP
   69    | ID LP . Args error
   70    | ID LP . RP
   71    | ID LP . error

    error          shift, and go to state 112
    ILLEGAL_TOKEN  shift, and go to state 54
    INT            shift, and go to state 58
    FLOAT          shift, and go to state 59
    CHAR           shift, and go to state 60
    ID             shift, and go to state 61
    MINUS          shift, and go to state 62
    NOT            shift, and go to state 63
    LP             shift, and go to state 64
    RP             shift, and go to state 113

    Exp   go to state 114
    Args  go to state 115


State 83

   51 Exp: Exp . ASSIGN Exp
   52    | Exp . AND Exp
   53    | Exp . OR Exp
   54    | Exp . LT Exp
   55    | Exp . LE Exp
   56    | Exp . GT Exp
   57    | Exp . GE Exp
   58    | Exp . NE Exp
   59    | Exp . EQ Exp
   60    | Exp . PLUS Exp
   61    | Exp . MINUS Exp
   62    | Exp . MUL Exp
   63    | Exp . DIV Exp
   66    | MINUS Exp .
   72    | Exp . LB Exp RB
   73    | Exp . LB Exp error
   74    | Exp . DOT ID

    MUL  shift, and go to state 99
    DIV  shift, and go to state 100
    LB   shift, and go to state 101
    DOT  shift, and go to state 102

    $default  reduce using rule 66 (Exp)


State 84

   51 Exp: Exp . ASSIGN Exp
   52    | Exp . AND Exp
   53    | Exp . OR Exp
   54    | Exp . LT Exp
   55    | Exp . LE Exp
   56    | Exp . GT Exp
   57    | Exp . GE Exp
   58    | Exp . NE Exp
   59    | Exp . EQ Exp
   60    | Exp . PLUS Exp
   61    | Exp . MINUS Exp
   62    | Exp . MUL Exp
   63    | Exp . DIV Exp
   67    | NOT Exp .
   72    | Exp . LB Exp RB
   73    | Exp . LB Exp error
   74    | Exp . DOT ID

    LB   shift, and go to state 101
    DOT  shift, and go to state 102

    $default  reduce using rule 67 (Exp)


State 85

   51 Exp: Exp . ASSIGN Exp
   52    | Exp . AND Exp
   53    | Exp . OR Exp
   54    | Exp . LT Exp
   55    | Exp . LE Exp
   56    | Exp . GT Exp
   57    | Exp . GE Exp
   58    | Exp . NE Exp
   59    | Exp . EQ Exp
   60    | Exp . PLUS Exp
   61    | Exp . MINUS Exp
   62    | Exp . MUL Exp
   63    | Exp . DIV Exp
   64    | LP Exp . RP
   65    | LP Exp . error
   72    | Exp . LB Exp RB
   73    | Exp . LB Exp error
   74    | Exp . DOT ID

    error   shift, and go to state 116
    ASSIGN  shift, and go to state 88
    OR      shift, and go to state 89
    AND     shift, and go to state 90
    LT      shift, and go to state 91
    LE      shift, and go to state 92
    GT      shift, and go to state 93
    GE      shift, and go to state 94
    NE      shift, and go to state 95
    EQ      shift, and go to state 96
    PLUS    shift, and go to state 97
    MINUS   shift, and go to state 98
    MUL     shift, and go to state 99
    DIV     shift, and go to state 100
    RP      shift, and go to state 117
    LB      shift, and go to state 101
    DOT     shift, and go to state 102


State 86

   28 CompSt: LC DefList StmtList RC .

    $default  reduce using rule 28 (CompSt)


State 87

   30 StmtList: Stmt StmtList .

    $default  reduce using rule 30 (StmtList)


State 88

   51 Exp: Exp ASSIGN . Exp

    ILLEGAL_TOKEN  shift, and go to state 54
    INT            shift, and go to state 58
    FLOAT          shift, and go to state 59
    CHAR           shift, and go to state 60
    ID             shift, and go to state 61
    MINUS          shift, and go to state 62
    NOT            shift, and go to state 63
    LP             shift, and go to state 64

    Exp  go to state 118


State 89

   53 Exp: Exp OR . Exp

    ILLEGAL_TOKEN  shift, and go to state 54
    INT            shift, and go to state 58
    FLOAT          shift, and go to state 59
    CHAR           shift, and go to state 60
    ID             shift, and go to state 61
    MINUS          shift, and go to state 62
    NOT            shift, and go to state 63
    LP             shift, and go to state 64

    Exp  go to state 119


State 90

   52 Exp: Exp AND . Exp

    ILLEGAL_TOKEN  shift, and go to state 54
    INT            shift, and go to state 58
    FLOAT          shift, and go to state 59
    CHAR           shift, and go to state 60
    ID             shift, and go to state 61
    MINUS          shift, and go to state 62
    NOT            shift, and go to state 63
    LP             shift, and go to state 64

    Exp  go to state 120


State 91

   54 Exp: Exp LT . Exp

    ILLEGAL_TOKEN  shift, and go to state 54
    INT            shift, and go to state 58
    FLOAT          shift, and go to state 59
    CHAR           shift, and go to state 60
    ID             shift, and go to state 61
    MINUS          shift, and go to state 62
    NOT            shift, and go to state 63
    LP             shift, and go to state 64

    Exp  go to state 121


State 92

   55 Exp: Exp LE . Exp

    ILLEGAL_TOKEN  shift, and go to state 54
    INT            shift, and go to state 58
    FLOAT          shift, and go to state 59
    CHAR           shift, and go to state 60
    ID             shift, and go to state 61
    MINUS          shift, and go to state 62
    NOT            shift, and go to state 63
    LP             shift, and go to state 64

    Exp  go to state 122


State 93

   56 Exp: Exp GT . Exp

    ILLEGAL_TOKEN  shift, and go to state 54
    INT            shift, and go to state 58
    FLOAT          shift, and go to state 59
    CHAR           shift, and go to state 60
    ID             shift, and go to state 61
    MINUS          shift, and go to state 62
    NOT            shift, and go to state 63
    LP             shift, and go to state 64

    Exp  go to state 123


State 94

   57 Exp: Exp GE . Exp

    ILLEGAL_TOKEN  shift, and go to state 54
    INT            shift, and go to state 58
    FLOAT          shift, and go to state 59
    CHAR           shift, and go to state 60
    ID             shift, and go to state 61
    MINUS          shift, and go to state 62
    NOT            shift, and go to state 63
    LP             shift, and go to state 64

    Exp  go to state 124


State 95

   58 Exp: Exp NE . Exp

    ILLEGAL_TOKEN  shift, and go to state 54
    INT            shift, and go to state 58
    FLOAT          shift, and go to state 59
    CHAR           shift, and go to state 60
    ID             shift, and go to state 61
    MINUS          shift, and go to state 62
    NOT            shift, and go to state 63
    LP             shift, and go to state 64

    Exp  go to state 125


State 96

   59 Exp: Exp EQ . Exp

    ILLEGAL_TOKEN  shift, and go to state 54
    INT            shift, and go to state 58
    FLOAT          shift, and go to state 59
    CHAR           shift, and go to state 60
    ID             shift, and go to state 61
    MINUS          shift, and go to state 62
    NOT            shift, and go to state 63
    LP             shift, and go to state 64

    Exp  go to state 126


State 97

   60 Exp: Exp PLUS . Exp

    ILLEGAL_TOKEN  shift, and go to state 54
    INT            shift, and go to state 58
    FLOAT          shift, and go to state 59
    CHAR           shift, and go to state 60
    ID             shift, and go to state 61
    MINUS          shift, and go to state 62
    NOT            shift, and go to state 63
    LP             shift, and go to state 64

    Exp  go to state 127


State 98

   61 Exp: Exp MINUS . Exp

    ILLEGAL_TOKEN  shift, and go to state 54
    INT            shift, and go to state 58
    FLOAT          shift, and go to state 59
    CHAR           shift, and go to state 60
    ID             shift, and go to state 61
    MINUS          shift, and go to state 62
    NOT            shift, and go to state 63
    LP             shift, and go to state 64

    Exp  go to state 128


State 99

   62 Exp: Exp MUL . Exp

    ILLEGAL_TOKEN  shift, and go to state 54
    INT            shift, and go to state 58
    FLOAT          shift, and go to state 59
    CHAR           shift, and go to state 60
    ID             shift, and go to state 61
    MINUS          shift, and go to state 62
    NOT            shift, and go to state 63
    LP             shift, and go to state 64

    Exp  go to state 129


State 100

   63 Exp: Exp DIV . Exp

    ILLEGAL_TOKEN  shift, and go to state 54
    INT            shift, and go to state 58
    FLOAT          shift, and go to state 59
    CHAR           shift, and go to state 60
    ID             shift, and go to state 61
    MINUS          shift, and go to state 62
    NOT            shift, and go to state 63
    LP             shift, and go to state 64

    Exp  go to state 130


State 101

   72 Exp: Exp LB . Exp RB
   73    | Exp LB . Exp error

    ILLEGAL_TOKEN  shift, and go to state 54
    INT            shift, and go to state 58
    FLOAT          shift, and go to state 59
    CHAR           shift, and go to state 60
    ID             shift, and go to state 61
    MINUS          shift, and go to state 62
    NOT            shift, and go to state 63
    LP             shift, and go to state 64

    Exp  go to state 131


State 102

   74 Exp: Exp DOT . ID

    ID  shift, and go to state 132


State 103

   31 Stmt: Exp SEMI .

    $default  reduce using rule 31 (Stmt)


State 104

   50 Dec: VarDec ASSIGN Exp .
   51 Exp: Exp . ASSIGN Exp
   52    | Exp . AND Exp
   53    | Exp . OR Exp
   54    | Exp . LT Exp
   55    | Exp . LE Exp
   56    | Exp . GT Exp
   57    | Exp . GE Exp
   58    | Exp . NE Exp
   59    | Exp . EQ Exp
   60    | Exp . PLUS Exp
   61    | Exp . MINUS Exp
   62    | Exp . MUL Exp
   63    | Exp . DIV Exp
   72    | Exp . LB Exp RB
   73    | Exp . LB Exp error
   74    | Exp . DOT ID

    ASSIGN  shift, and go to state 88
    OR      shift, and go to state 89
    AND     shift, and go to state 90
    LT      shift, and go to state 91
    LE      shift, and go to state 92
    GT      shift, and go to state 93
    GE      shift, and go to state 94
    NE      shift, and go to state 95
    EQ      shift, and go to state 96
    PLUS    shift, and go to state 97
    MINUS   shift, and go to state 98
    MUL     shift, and go to state 99
    DIV     shift, and go to state 100
    LB      shift, and go to state 101
    DOT     shift, and go to state 102

    $default  reduce using rule 50 (Dec)


State 105

   47 DecList: Dec COMMA DecList .

    $default  reduce using rule 47 (DecList)


State 106

   48 DecList: Dec DecList error .

    $default  reduce using rule 48 (DecList)


State 107

   40 Stmt: IF error Exp . RP Stmt
   51 Exp: Exp . ASSIGN Exp
   52    | Exp . AND Exp
   53    | Exp . OR Exp
   54    | Exp . LT Exp
   55    | Exp . LE Exp
   56    | Exp . GT Exp
   57    | Exp . GE Exp
   58    | Exp . NE Exp
   59    | Exp . EQ Exp
   60    | Exp . PLUS Exp
   61    | Exp . MINUS Exp
   62    | Exp . MUL Exp
   63    | Exp . DIV Exp
   72    | Exp . LB Exp RB
   73    | Exp . LB Exp error
   74    | Exp . DOT ID

    ASSIGN  shift, and go to state 88
    OR      shift, and go to state 89
    AND     shift, and go to state 90
    LT      shift, and go to state 91
    LE      shift, and go to state 92
    GT      shift, and go to state 93
    GE      shift, and go to state 94
    NE      shift, and go to state 95
    EQ      shift, and go to state 96
    PLUS    shift, and go to state 97
    MINUS   shift, and go to state 98
    MUL     shift, and go to state 99
    DIV     shift, and go to state 100
    RP      shift, and go to state 133
    LB      shift, and go to state 101
    DOT     shift, and go to state 102


State 108

   34 Stmt: IF LP Exp . RP Stmt
   35     | IF LP Exp . RP Stmt ELSE Stmt
   39     | IF LP Exp . error Stmt
   51 Exp: Exp . ASSIGN Exp
   52    | Exp . AND Exp
   53    | Exp . OR Exp
   54    | Exp . LT Exp
   55    | Exp . LE Exp
   56    | Exp . GT Exp
   57    | Exp . GE Exp
   58    | Exp . NE Exp
   59    | Exp . EQ Exp
   60    | Exp . PLUS Exp
   61    | Exp . MINUS Exp
   62    | Exp . MUL Exp
   63    | Exp . DIV Exp
   72    | Exp . LB Exp RB
   73    | Exp . LB Exp error
   74    | Exp . DOT ID

    error   shift, and go to state 134
    ASSIGN  shift, and go to state 88
    OR      shift, and go to state 89
    AND     shift, and go to state 90
    LT      shift, and go to state 91
    LE      shift, and go to state 92
    GT      shift, and go to state 93
    GE      shift, and go to state 94
    NE      shift, and go to state 95
    EQ      shift, and go to state 96
    PLUS    shift, and go to state 97
    MINUS   shift, and go to state 98
    MUL     shift, and go to state 99
    DIV     shift, and go to state 100
    RP      shift, and go to state 135
    LB      shift, and go to state 101
    DOT     shift, and go to state 102


State 109

   36 Stmt: WHILE LP Exp . RP Stmt
   37     | WHILE LP Exp . error Stmt
   51 Exp: Exp . ASSIGN Exp
   52    | Exp . AND Exp
   53    | Exp . OR Exp
   54    | Exp . LT Exp
   55    | Exp . LE Exp
   56    | Exp . GT Exp
   57    | Exp . GE Exp
   58    | Exp . NE Exp
   59    | Exp . EQ Exp
   60    | Exp . PLUS Exp
   61    | Exp . MINUS Exp
   62    | Exp . MUL Exp
   63    | Exp . DIV Exp
   72    | Exp . LB Exp RB
   73    | Exp . LB Exp error
   74    | Exp . DOT ID

    error   shift, and go to state 136
    ASSIGN  shift, and go to state 88
    OR      shift, and go to state 89
    AND     shift, and go to state 90
    LT      shift, and go to state 91
    LE      shift, and go to state 92
    GT      shift, and go to state 93
    GE      shift, and go to state 94
    NE      shift, and go to state 95
    EQ      shift, and go to state 96
    PLUS    shift, and go to state 97
    MINUS   shift, and go to state 98
    MUL     shift, and go to state 99
    DIV     shift, and go to state 100
    RP      shift, and go to state 137
    LB      shift, and go to state 101
    DOT     shift, and go to state 102


State 110

   38 Stmt: RETURN Exp error .

    $default  reduce using rule 38 (Stmt)


State 111

   33 Stmt: RETURN Exp SEMI .

    $default  reduce using rule 33 (Stmt)


State 112

   71 Exp: ID LP error .

    $default  reduce using rule 71 (Exp)


State 113

   70 Exp: ID LP RP .

    $default  reduce using rule 70 (Exp)


State 114

   51 Exp: Exp . ASSIGN Exp
   52    | Exp . AND Exp
   53    | Exp . OR Exp
   54    | Exp . LT Exp
   55    | Exp . LE Exp
   56    | Exp . GT Exp
   57    | Exp . GE Exp
   58    | Exp . NE Exp
   59    | Exp . EQ Exp
   60    | Exp . PLUS Exp
   61    | Exp . MINUS Exp
   62    | Exp . MUL Exp
   63    | Exp . DIV Exp
   72    | Exp . LB Exp RB
   73    | Exp . LB Exp error
   74    | Exp . DOT ID
   81 Args: Exp . COMMA Args
   82     | Exp .
   83     | Exp . Args error

    ILLEGAL_TOKEN  shift, and go to state 54
    INT            shift, and go to state 58
    FLOAT          shift, and go to state 59
    CHAR           shift, and go to state 60
    ID             shift, and go to state 61
    ASSIGN         shift, and go to state 88
    OR             shift, and go to state 89
    AND            shift, and go to state 90
    LT             shift, and go to state 91
    LE             shift, and go to state 92
    GT             shift, and go to state 93
    GE             shift, and go to state 94
    NE             shift, and go to state 95
    EQ             shift, and go to state 96
    PLUS           shift, and go to state 97
    MINUS          shift, and go to state 138
    MUL            shift, and go to state 99
    DIV            shift, and go to state 100
    NOT            shift, and go to state 63
    LP             shift, and go to state 64
    LB             shift, and go to state 101
    DOT            shift, and go to state 102
    COMMA          shift, and go to state 139

    $default  reduce using rule 82 (Args)

    Exp   go to state 114
    Args  go to state 140


State 115

   68 Exp: ID LP Args . RP
   69    | ID LP Args . error

    error  shift, and go to state 141
    RP     shift, and go to state 142


State 116

   65 Exp: LP Exp error .

    $default  reduce using rule 65 (Exp)


State 117

   64 Exp: LP Exp RP .

    $default  reduce using rule 64 (Exp)


State 118

   51 Exp: Exp . ASSIGN Exp
   51    | Exp ASSIGN Exp .
   52    | Exp . AND Exp
   53    | Exp . OR Exp
   54    | Exp . LT Exp
   55    | Exp . LE Exp
   56    | Exp . GT Exp
   57    | Exp . GE Exp
   58    | Exp . NE Exp
   59    | Exp . EQ Exp
   60    | Exp . PLUS Exp
   61    | Exp . MINUS Exp
   62    | Exp . MUL Exp
   63    | Exp . DIV Exp
   72    | Exp . LB Exp RB
   73    | Exp . LB Exp error
   74    | Exp . DOT ID

    ASSIGN  shift, and go to state 88
    OR      shift, and go to state 89
    AND     shift, and go to state 90
    LT      shift, and go to state 91
    LE      shift, and go to state 92
    GT      shift, and go to state 93
    GE      shift, and go to state 94
    NE      shift, and go to state 95
    EQ      shift, and go to state 96
    PLUS    shift, and go to state 97
    MINUS   shift, and go to state 98
    MUL     shift, and go to state 99
    DIV     shift, and go to state 100
    LB      shift, and go to state 101
    DOT     shift, and go to state 102

    $default  reduce using rule 51 (Exp)


State 119

   51 Exp: Exp . ASSIGN Exp
   52    | Exp . AND Exp
   53    | Exp . OR Exp
   53    | Exp OR Exp .
   54    | Exp . LT Exp
   55    | Exp . LE Exp
   56    | Exp . GT Exp
   57    | Exp . GE Exp
   58    | Exp . NE Exp
   59    | Exp . EQ Exp
   60    | Exp . PLUS Exp
   61    | Exp . MINUS Exp
   62    | Exp . MUL Exp
   63    | Exp . DIV Exp
   72    | Exp . LB Exp RB
   73    | Exp . LB Exp error
   74    | Exp . DOT ID

    AND    shift, and go to state 90
    LT     shift, and go to state 91
    LE     shift, and go to state 92
    GT     shift, and go to state 93
    GE     shift, and go to state 94
    NE     shift, and go to state 95
    EQ     shift, and go to state 96
    PLUS   shift, and go to state 97
    MINUS  shift, and go to state 98
    MUL    shift, and go to state 99
    DIV    shift, and go to state 100
    LB     shift, and go to state 101
    DOT    shift, and go to state 102

    $default  reduce using rule 53 (Exp)


State 120

   51 Exp: Exp . ASSIGN Exp
   52    | Exp . AND Exp
   52    | Exp AND Exp .
   53    | Exp . OR Exp
   54    | Exp . LT Exp
   55    | Exp . LE Exp
   56    | Exp . GT Exp
   57    | Exp . GE Exp
   58    | Exp . NE Exp
   59    | Exp . EQ Exp
   60    | Exp . PLUS Exp
   61    | Exp . MINUS Exp
   62    | Exp . MUL Exp
   63    | Exp . DIV Exp
   72    | Exp . LB Exp RB
   73    | Exp . LB Exp error
   74    | Exp . DOT ID

    LT     shift, and go to state 91
    LE     shift, and go to state 92
    GT     shift, and go to state 93
    GE     shift, and go to state 94
    NE     shift, and go to state 95
    EQ     shift, and go to state 96
    PLUS   shift, and go to state 97
    MINUS  shift, and go to state 98
    MUL    shift, and go to state 99
    DIV    shift, and go to state 100
    LB     shift, and go to state 101
    DOT    shift, and go to state 102

    $default  reduce using rule 52 (Exp)


State 121

   51 Exp: Exp . ASSIGN Exp
   52    | Exp . AND Exp
   53    | Exp . OR Exp
   54    | Exp . LT Exp
   54    | Exp LT Exp .
   55    | Exp . LE Exp
   56    | Exp . GT Exp
   57    | Exp . GE Exp
   58    | Exp . NE Exp
   59    | Exp . EQ Exp
   60    | Exp . PLUS Exp
   61    | Exp . MINUS Exp
   62    | Exp . MUL Exp
   63    | Exp . DIV Exp
   72    | Exp . LB Exp RB
   73    | Exp . LB Exp error
   74    | Exp . DOT ID

    PLUS   shift, and go to state 97
    MINUS  shift, and go to state 98
    MUL    shift, and go to state 99
    DIV    shift, and go to state 100
    LB     shift, and go to state 101
    DOT    shift, and go to state 102

    $default  reduce using rule 54 (Exp)


State 122

   51 Exp: Exp . ASSIGN Exp
   52    | Exp . AND Exp
   53    | Exp . OR Exp
   54    | Exp . LT Exp
   55    | Exp . LE Exp
   55    | Exp LE Exp .
   56    | Exp . GT Exp
   57    | Exp . GE Exp
   58    | Exp . NE Exp
   59    | Exp . EQ Exp
   60    | Exp . PLUS Exp
   61    | Exp . MINUS Exp
   62    | Exp . MUL Exp
   63    | Exp . DIV Exp
   72    | Exp . LB Exp RB
   73    | Exp . LB Exp error
   74    | Exp . DOT ID

    PLUS   shift, and go to state 97
    MINUS  shift, and go to state 98
    MUL    shift, and go to state 99
    DIV    shift, and go to state 100
    LB     shift, and go to state 101
    DOT    shift, and go to state 102

    $default  reduce using rule 55 (Exp)


State 123

   51 Exp: Exp . ASSIGN Exp
   52    | Exp . AND Exp
   53    | Exp . OR Exp
   54    | Exp . LT Exp
   55    | Exp . LE Exp
   56    | Exp . GT Exp
   56    | Exp GT Exp .
   57    | Exp . GE Exp
   58    | Exp . NE Exp
   59    | Exp . EQ Exp
   60    | Exp . PLUS Exp
   61    | Exp . MINUS Exp
   62    | Exp . MUL Exp
   63    | Exp . DIV Exp
   72    | Exp . LB Exp RB
   73    | Exp . LB Exp error
   74    | Exp . DOT ID

    PLUS   shift, and go to state 97
    MINUS  shift, and go to state 98
    MUL    shift, and go to state 99
    DIV    shift, and go to state 100
    LB     shift, and go to state 101
    DOT    shift, and go to state 102

    $default  reduce using rule 56 (Exp)


State 124

   51 Exp: Exp . ASSIGN Exp
   52    | Exp . AND Exp
   53    | Exp . OR Exp
   54    | Exp . LT Exp
   55    | Exp . LE Exp
   56    | Exp . GT Exp
   57    | Exp . GE Exp
   57    | Exp GE Exp .
   58    | Exp . NE Exp
   59    | Exp . EQ Exp
   60    | Exp . PLUS Exp
   61    | Exp . MINUS Exp
   62    | Exp . MUL Exp
   63    | Exp . DIV Exp
   72    | Exp . LB Exp RB
   73    | Exp . LB Exp error
   74    | Exp . DOT ID

    PLUS   shift, and go to state 97
    MINUS  shift, and go to state 98
    MUL    shift, and go to state 99
    DIV    shift, and go to state 100
    LB     shift, and go to state 101
    DOT    shift, and go to state 102

    $default  reduce using rule 57 (Exp)


State 125

   51 Exp: Exp . ASSIGN Exp
   52    | Exp . AND Exp
   53    | Exp . OR Exp
   54    | Exp . LT Exp
   55    | Exp . LE Exp
   56    | Exp . GT Exp
   57    | Exp . GE Exp
   58    | Exp . NE Exp
   58    | Exp NE Exp .
   59    | Exp . EQ Exp
   60    | Exp . PLUS Exp
   61    | Exp . MINUS Exp
   62    | Exp . MUL Exp
   63    | Exp . DIV Exp
   72    | Exp . LB Exp RB
   73    | Exp . LB Exp error
   74    | Exp . DOT ID

    PLUS   shift, and go to state 97
    MINUS  shift, and go to state 98
    MUL    shift, and go to state 99
    DIV    shift, and go to state 100
    LB     shift, and go to state 101
    DOT    shift, and go to state 102

    $default  reduce using rule 58 (Exp)


State 126

   51 Exp: Exp . ASSIGN Exp
   52    | Exp . AND Exp
   53    | Exp . OR Exp
   54    | Exp . LT Exp
   55    | Exp . LE Exp
   56    | Exp . GT Exp
   57    | Exp . GE Exp
   58    | Exp . NE Exp
   59    | Exp . EQ Exp
   59    | Exp EQ Exp .
   60    | Exp . PLUS Exp
   61    | Exp . MINUS Exp
   62    | Exp . MUL Exp
   63    | Exp . DIV Exp
   72    | Exp . LB Exp RB
   73    | Exp . LB Exp error
   74    | Exp . DOT ID

    PLUS   shift, and go to state 97
    MINUS  shift, and go to state 98
    MUL    shift, and go to state 99
    DIV    shift, and go to state 100
    LB     shift, and go to state 101
    DOT    shift, and go to state 102

    $default  reduce using rule 59 (Exp)


State 127

   51 Exp: Exp . ASSIGN Exp
   52    | Exp . AND Exp
   53    | Exp . OR Exp
   54    | Exp . LT Exp
   55    | Exp . LE Exp
   56    | Exp . GT Exp
   57    | Exp . GE Exp
   58    | Exp . NE Exp
   59    | Exp . EQ Exp
   60    | Exp . PLUS Exp
   60    | Exp PLUS Exp .
   61    | Exp . MINUS Exp
   62    | Exp . MUL Exp
   63    | Exp . DIV Exp
   72    | Exp . LB Exp RB
   73    | Exp . LB Exp error
   74    | Exp . DOT ID

    MUL  shift, and go to state 99
    DIV  shift, and go to state 100
    LB   shift, and go to state 101
    DOT  shift, and go to state 102

    $default  reduce using rule 60 (Exp)


State 128

   51 Exp: Exp . ASSIGN Exp
   52    | Exp . AND Exp
   53    | Exp . OR Exp
   54    | Exp . LT Exp
   55    | Exp . LE Exp
   56    | Exp . GT Exp
   57    | Exp . GE Exp
   58    | Exp . NE Exp
   59    | Exp . EQ Exp
   60    | Exp . PLUS Exp
   61    | Exp . MINUS Exp
   61    | Exp MINUS Exp .
   62    | Exp . MUL Exp
   63    | Exp . DIV Exp
   72    | Exp . LB Exp RB
   73    | Exp . LB Exp error
   74    | Exp . DOT ID

    MUL  shift, and go to state 99
    DIV  shift, and go to state 100
    LB   shift, and go to state 101
    DOT  shift, and go to state 102

    $default  reduce using rule 61 (Exp)


State 129

   51 Exp: Exp . ASSIGN Exp
   52    | Exp . AND Exp
   53    | Exp . OR Exp
   54    | Exp . LT Exp
   55    | Exp . LE Exp
   56    | Exp . GT Exp
   57    | Exp . GE Exp
   58    | Exp . NE Exp
   59    | Exp . EQ Exp
   60    | Exp . PLUS Exp
   61    | Exp . MINUS Exp
   62    | Exp . MUL Exp
   62    | Exp MUL Exp .
   63    | Exp . DIV Exp
   72    | Exp . LB Exp RB
   73    | Exp . LB Exp error
   74    | Exp . DOT ID

    LB   shift, and go to state 101
    DOT  shift, and go to state 102

    $default  reduce using rule 62 (Exp)


State 130

   51 Exp: Exp . ASSIGN Exp
   52    | Exp . AND Exp
   53    | Exp . OR Exp
   54    | Exp . LT Exp
   55    | Exp . LE Exp
   56    | Exp . GT Exp
   57    | Exp . GE Exp
   58    | Exp . NE Exp
   59    | Exp . EQ Exp
   60    | Exp . PLUS Exp
   61    | Exp . MINUS Exp
   62    | Exp . MUL Exp
   63    | Exp . DIV Exp
   63    | Exp DIV Exp .
   72    | Exp . LB Exp RB
   73    | Exp . LB Exp error
   74    | Exp . DOT ID

    LB   shift, and go to state 101
    DOT  shift, and go to state 102

    $default  reduce using rule 63 (Exp)


State 131

   51 Exp: Exp . ASSIGN Exp
   52    | Exp . AND Exp
   53    | Exp . OR Exp
   54    | Exp . LT Exp
   55    | Exp . LE Exp
   56    | Exp . GT Exp
   57    | Exp . GE Exp
   58    | Exp . NE Exp
   59    | Exp . EQ Exp
   60    | Exp . PLUS Exp
   61    | Exp . MINUS Exp
   62    | Exp . MUL Exp
   63    | Exp . DIV Exp
   72    | Exp . LB Exp RB
   72    | Exp LB Exp . RB
   73    | Exp . LB Exp error
   73    | Exp LB Exp . error
   74    | Exp . DOT ID

    error   shift, and go to state 143
    ASSIGN  shift, and go to state 88
    OR      shift, and go to state 89
    AND     shift, and go to state 90
    LT      shift, and go to state 91
    LE      shift, and go to state 92
    GT      shift, and go to state 93
    GE      shift, and go to state 94
    NE      shift, and go to state 95
    EQ      shift, and go to state 96
    PLUS    shift, and go to state 97
    MINUS   shift, and go to state 98
    MUL     shift, and go to state 99
    DIV     shift, and go to state 100
    LB      shift, and go to state 101
    RB      shift, and go to state 144
    DOT     shift, and go to state 102


State 132

   74 Exp: Exp DOT ID .

    $default  reduce using rule 74 (Exp)


State 133

   40 Stmt: IF error Exp RP . Stmt

    ILLEGAL_TOKEN  shift, and go to state 54
    IF             shift, and go to state 55
    WHILE          shift, and go to state 56
    RETURN         shift, and go to state 57
    INT            shift, and go to state 58
    FLOAT          shift, and go to state 59
    CHAR           shift, and go to state 60
    ID             shift, and go to state 61
    MINUS          shift, and go to state 62
    NOT            shift, and go to state 63
    LP             shift, and go to state 64
    LC             shift, and go to state 25

    CompSt  go to state 65
    Stmt    go to state 145
    Exp     go to state 68


State 134

   39 Stmt: IF LP Exp error . Stmt

    ILLEGAL_TOKEN  shift, and go to state 54
    IF             shift, and go to state 55
    WHILE          shift, and go to state 56
    RETURN         shift, and go to state 57
    INT            shift, and go to state 58
    FLOAT          shift, and go to state 59
    CHAR           shift, and go to state 60
    ID             shift, and go to state 61
    MINUS          shift, and go to state 62
    NOT            shift, and go to state 63
    LP             shift, and go to state 64
    LC             shift, and go to state 25

    CompSt  go to state 65
    Stmt    go to state 146
    Exp     go to state 68


State 135

   34 Stmt: IF LP Exp RP . Stmt
   35     | IF LP Exp RP . Stmt ELSE Stmt

    ILLEGAL_TOKEN  shift, and go to state 54
    IF             shift, and go to state 55
    WHILE          shift, and go to state 56
    RETURN         shift, and go to state 57
    INT            shift, and go to state 58
    FLOAT          shift, and go to state 59
    CHAR           shift, and go to state 60
    ID             shift, and go to state 61
    MINUS          shift, and go to state 62
    NOT            shift, and go to state 63
    LP             shift, and go to state 64
    LC             shift, and go to state 25

    CompSt  go to state 65
    Stmt    go to state 147
    Exp     go to state 68


State 136

   37 Stmt: WHILE LP Exp error . Stmt

    ILLEGAL_TOKEN  shift, and go to state 54
    IF             shift, and go to state 55
    WHILE          shift, and go to state 56
    RETURN         shift, and go to state 57
    INT            shift, and go to state 58
    FLOAT          shift, and go to state 59
    CHAR           shift, and go to state 60
    ID             shift, and go to state 61
    MINUS          shift, and go to state 62
    NOT            shift, and go to state 63
    LP             shift, and go to state 64
    LC             shift, and go to state 25

    CompSt  go to state 65
    Stmt    go to state 148
    Exp     go to state 68


State 137

   36 Stmt: WHILE LP Exp RP . Stmt

    ILLEGAL_TOKEN  shift, and go to state 54
    IF             shift, and go to state 55
    WHILE          shift, and go to state 56
    RETURN         shift, and go to state 57
    INT            shift, and go to state 58
    FLOAT          shift, and go to state 59
    CHAR           shift, and go to state 60
    ID             shift, and go to state 61
    MINUS          shift, and go to state 62
    NOT            shift, and go to state 63
    LP             shift, and go to state 64
    LC             shift, and go to state 25

    CompSt  go to state 65
    Stmt    go to state 149
    Exp     go to state 68


State 138

   61 Exp: Exp MINUS . Exp
   66    | MINUS . Exp

    ILLEGAL_TOKEN  shift, and go to state 54
    INT            shift, and go to state 58
    FLOAT          shift, and go to state 59
    CHAR           shift, and go to state 60
    ID             shift, and go to state 61
    MINUS          shift, and go to state 62
    NOT            shift, and go to state 63
    LP             shift, and go to state 64

    Exp  go to state 150


State 139

   81 Args: Exp COMMA . Args

    ILLEGAL_TOKEN  shift, and go to state 54
    INT            shift, and go to state 58
    FLOAT          shift, and go to state 59
    CHAR           shift, and go to state 60
    ID             shift, and go to state 61
    MINUS          shift, and go to state 62
    NOT            shift, and go to state 63
    LP             shift, and go to state 64

    Exp   go to state 114
    Args  go to state 151


State 140

   83 Args: Exp Args . error

    error  shift, and go to state 152


State 141

   69 Exp: ID LP Args error .

    $default  reduce using rule 69 (Exp)


State 142

   68 Exp: ID LP Args RP .

    $default  reduce using rule 68 (Exp)


State 143

   73 Exp: Exp LB Exp error .

    $default  reduce using rule 73 (Exp)


State 144

   72 Exp: Exp LB Exp RB .

    $default  reduce using rule 72 (Exp)


State 145

   40 Stmt: IF error Exp RP Stmt .

    $default  reduce using rule 40 (Stmt)


State 146

   39 Stmt: IF LP Exp error Stmt .

    $default  reduce using rule 39 (Stmt)


State 147

   34 Stmt: IF LP Exp RP Stmt .
   35     | IF LP Exp RP Stmt . ELSE Stmt

    ELSE  shift, and go to state 153

    $default  reduce using rule 34 (Stmt)


State 148

   37 Stmt: WHILE LP Exp error Stmt .

    $default  reduce using rule 37 (Stmt)


State 149

   36 Stmt: WHILE LP Exp RP Stmt .

    $default  reduce using rule 36 (Stmt)


State 150

   51 Exp: Exp . ASSIGN Exp
   52    | Exp . AND Exp
   53    | Exp . OR Exp
   54    | Exp . LT Exp
   55    | Exp . LE Exp
   56    | Exp . GT Exp
   57    | Exp . GE Exp
   58    | Exp . NE Exp
   59    | Exp . EQ Exp
   60    | Exp . PLUS Exp
   61    | Exp . MINUS Exp
   61    | Exp MINUS Exp .
   62    | Exp . MUL Exp
   63    | Exp . DIV Exp
   66    | MINUS Exp .
   72    | Exp . LB Exp RB
   73    | Exp . LB Exp error
   74    | Exp . DOT ID

    MUL  shift, and go to state 99
    DIV  shift, and go to state 100
    LB   shift, and go to state 101
    DOT  shift, and go to state 102

    error          reduce using rule 61 (Exp)
    error          [reduce using rule 66 (Exp)]
    ILLEGAL_TOKEN  reduce using rule 61 (Exp)
    ILLEGAL_TOKEN  [reduce using rule 66 (Exp)]
    INT            reduce using rule 61 (Exp)
    INT            [reduce using rule 66 (Exp)]
    FLOAT          reduce using rule 61 (Exp)
    FLOAT          [reduce using rule 66 (Exp)]
    CHAR           reduce using rule 61 (Exp)
    CHAR           [reduce using rule 66 (Exp)]
    ID             reduce using rule 61 (Exp)
    ID             [reduce using rule 66 (Exp)]
    ASSIGN         reduce using rule 61 (Exp)
    ASSIGN         [reduce using rule 66 (Exp)]
    OR             reduce using rule 61 (Exp)
    OR             [reduce using rule 66 (Exp)]
    AND            reduce using rule 61 (Exp)
    AND            [reduce using rule 66 (Exp)]
    LT             reduce using rule 61 (Exp)
    LT             [reduce using rule 66 (Exp)]
    LE             reduce using rule 61 (Exp)
    LE             [reduce using rule 66 (Exp)]
    GT             reduce using rule 61 (Exp)
    GT             [reduce using rule 66 (Exp)]
    GE             reduce using rule 61 (Exp)
    GE             [reduce using rule 66 (Exp)]
    NE             reduce using rule 61 (Exp)
    NE             [reduce using rule 66 (Exp)]
    EQ             reduce using rule 61 (Exp)
    EQ             [reduce using rule 66 (Exp)]
    PLUS           reduce using rule 61 (Exp)
    PLUS           [reduce using rule 66 (Exp)]
    MINUS          reduce using rule 61 (Exp)
    MINUS          [reduce using rule 66 (Exp)]
    NOT            reduce using rule 61 (Exp)
    NOT            [reduce using rule 66 (Exp)]
    LP             reduce using rule 61 (Exp)
    LP             [reduce using rule 66 (Exp)]
    COMMA          reduce using rule 61 (Exp)
    COMMA          [reduce using rule 66 (Exp)]
    $default       reduce using rule 61 (Exp)


State 151

   81 Args: Exp COMMA Args .

    $default  reduce using rule 81 (Args)


State 152

   83 Args: Exp Args error .

    $default  reduce using rule 83 (Args)


State 153

   35 Stmt: IF LP Exp RP Stmt ELSE . Stmt

    ILLEGAL_TOKEN  shift, and go to state 54
    IF             shift, and go to state 55
    WHILE          shift, and go to state 56
    RETURN         shift, and go to state 57
    INT            shift, and go to state 58
    FLOAT          shift, and go to state 59
    CHAR           shift, and go to state 60
    ID             shift, and go to state 61
    MINUS          shift, and go to state 62
    NOT            shift, and go to state 63
    LP             shift, and go to state 64
    LC             shift, and go to state 25

    CompSt  go to state 65
    Stmt    go to state 154
    Exp     go to state 68


State 154

   35 Stmt: IF LP Exp RP Stmt ELSE Stmt .

    $default  reduce using rule 35 (Stmt)
